app/appointments/page.tsx(42,3): error TS2578: Unused '@ts-expect-error' directive.
app/appointments/page.tsx(171,9): error TS6133: 'isMobile' is declared but its value is never read.
app/appointments/page.tsx(204,24): error TS6133: 'e' is declared but its value is never read.
app/appointments/page.tsx(247,9): error TS6133: 'theme' is declared but its value is never read.
app/appointments/page.tsx(430,22): error TS6133: 'e' is declared but its value is never read.
app/components/AppShell.tsx(3,27): error TS6133: 'useEffect' is declared but its value is never read.
app/components/auth/LoginForm.tsx(11,1): error TS6133: 'MuiButton' is declared but its value is never read.
app/components/auth/LoginForm.tsx(15,1): error TS6133: 'Divider' is declared but its value is never read.
app/components/MetricCard.tsx(44,21): error TS18048: 'scheme' is possibly 'undefined'.
app/components/MetricCard.tsx(46,30): error TS18048: 'scheme' is possibly 'undefined'.
app/components/MetricCard.tsx(56,65): error TS18048: 'scheme' is possibly 'undefined'.
app/components/MetricCard.tsx(60,64): error TS18048: 'scheme' is possibly 'undefined'.
app/components/MetricCard.tsx(78,77): error TS18048: 'scheme' is possibly 'undefined'.
app/components/Sidebar.tsx(146,18): error TS2769: No overload matches this call.
  Overload 1 of 3, '(props: { href: string; } & ListItemButtonOwnProps & Omit<ButtonBaseOwnProps, "classes"> & CommonProps & Omit<Omit<...> & { ...; }, "disabled" | ... 21 more ... | "divider">): Element', gave the following error.
    Type '{ children: (false | Element)[]; component: ForwardRefExoticComponent<Omit<AnchorHTMLAttributes<HTMLAnchorElement>, keyof InternalLinkProps> & InternalLinkProps & { ...; } & RefAttributes<...>>; href: string; onClick: (() => void) | undefined; selected: boolean; sx: { ...; }; }' is not assignable to type 'IntrinsicAttributes & { href: string; } & ListItemButtonOwnProps & Omit<ButtonBaseOwnProps, "classes"> & CommonProps & Omit<...>'.
      Property 'component' does not exist on type 'IntrinsicAttributes & { href: string; } & ListItemButtonOwnProps & Omit<ButtonBaseOwnProps, "classes"> & CommonProps & Omit<...>'.
  Overload 2 of 3, '(props: { component: ForwardRefExoticComponent<Omit<AnchorHTMLAttributes<HTMLAnchorElement>, keyof InternalLinkProps> & InternalLinkProps & { ...; } & RefAttributes<...>>; } & ListItemButtonOwnProps & Omit<...> & CommonProps & Omit<...>): Element | null', gave the following error.
    Type '{ children: (false | Element)[]; component: ForwardRefExoticComponent<Omit<AnchorHTMLAttributes<HTMLAnchorElement>, keyof InternalLinkProps> & InternalLinkProps & { ...; } & RefAttributes<...>>; href: string; onClick: (() => void) | undefined; selected: boolean; sx: { ...; }; }' is not assignable to type 'Omit<Omit<Omit<AnchorHTMLAttributes<HTMLAnchorElement>, keyof InternalLinkProps> & InternalLinkProps & { ...; } & RefAttributes<...>, "ref"> & { ...; }, "disabled" | ... 21 more ... | "divider">' with 'exactOptionalPropertyTypes: true'. Consider adding 'undefined' to the types of the target's properties.
      Types of property 'onClick' are incompatible.
        Type '(() => void) | undefined' is not assignable to type 'MouseEventHandler<HTMLAnchorElement>'.
          Type 'undefined' is not assignable to type 'MouseEventHandler<HTMLAnchorElement>'.
  Overload 3 of 3, '(props: DefaultComponentProps<ExtendButtonBaseTypeMap<ListItemButtonTypeMap<{}, "div">>>): Element | null', gave the following error.
    Type '{ children: (false | Element)[]; component: ForwardRefExoticComponent<Omit<AnchorHTMLAttributes<HTMLAnchorElement>, keyof InternalLinkProps> & InternalLinkProps & { ...; } & RefAttributes<...>>; href: string; onClick: (() => void) | undefined; selected: boolean; sx: { ...; }; }' is not assignable to type 'IntrinsicAttributes & ListItemButtonOwnProps & Omit<ButtonBaseOwnProps, "classes"> & CommonProps & Omit<...>'.
      Property 'component' does not exist on type 'IntrinsicAttributes & ListItemButtonOwnProps & Omit<ButtonBaseOwnProps, "classes"> & CommonProps & Omit<...>'.
app/components/Sidebar.tsx(209,18): error TS2769: No overload matches this call.
  Overload 1 of 3, '(props: { href: string; } & ListItemButtonOwnProps & Omit<ButtonBaseOwnProps, "classes"> & CommonProps & Omit<Omit<...> & { ...; }, "disabled" | ... 21 more ... | "divider">): Element', gave the following error.
    Type '{ children: (false | Element)[]; component: ForwardRefExoticComponent<Omit<AnchorHTMLAttributes<HTMLAnchorElement>, keyof InternalLinkProps> & InternalLinkProps & { ...; } & RefAttributes<...>>; href: string; onClick: (() => void) | undefined; selected: boolean; sx: { ...; }; }' is not assignable to type 'IntrinsicAttributes & { href: string; } & ListItemButtonOwnProps & Omit<ButtonBaseOwnProps, "classes"> & CommonProps & Omit<...>'.
      Property 'component' does not exist on type 'IntrinsicAttributes & { href: string; } & ListItemButtonOwnProps & Omit<ButtonBaseOwnProps, "classes"> & CommonProps & Omit<...>'.
  Overload 2 of 3, '(props: { component: ForwardRefExoticComponent<Omit<AnchorHTMLAttributes<HTMLAnchorElement>, keyof InternalLinkProps> & InternalLinkProps & { ...; } & RefAttributes<...>>; } & ListItemButtonOwnProps & Omit<...> & CommonProps & Omit<...>): Element | null', gave the following error.
    Type '{ children: (false | Element)[]; component: ForwardRefExoticComponent<Omit<AnchorHTMLAttributes<HTMLAnchorElement>, keyof InternalLinkProps> & InternalLinkProps & { ...; } & RefAttributes<...>>; href: string; onClick: (() => void) | undefined; selected: boolean; sx: { ...; }; }' is not assignable to type 'Omit<Omit<Omit<AnchorHTMLAttributes<HTMLAnchorElement>, keyof InternalLinkProps> & InternalLinkProps & { ...; } & RefAttributes<...>, "ref"> & { ...; }, "disabled" | ... 21 more ... | "divider">' with 'exactOptionalPropertyTypes: true'. Consider adding 'undefined' to the types of the target's properties.
      Types of property 'onClick' are incompatible.
        Type '(() => void) | undefined' is not assignable to type 'MouseEventHandler<HTMLAnchorElement>'.
          Type 'undefined' is not assignable to type 'MouseEventHandler<HTMLAnchorElement>'.
  Overload 3 of 3, '(props: DefaultComponentProps<ExtendButtonBaseTypeMap<ListItemButtonTypeMap<{}, "div">>>): Element | null', gave the following error.
    Type '{ children: (false | Element)[]; component: ForwardRefExoticComponent<Omit<AnchorHTMLAttributes<HTMLAnchorElement>, keyof InternalLinkProps> & InternalLinkProps & { ...; } & RefAttributes<...>>; href: string; onClick: (() => void) | undefined; selected: boolean; sx: { ...; }; }' is not assignable to type 'IntrinsicAttributes & ListItemButtonOwnProps & Omit<ButtonBaseOwnProps, "classes"> & CommonProps & Omit<...>'.
      Property 'component' does not exist on type 'IntrinsicAttributes & ListItemButtonOwnProps & Omit<ButtonBaseOwnProps, "classes"> & CommonProps & Omit<...>'.
app/components/TopBar.tsx(10,10): error TS6133: 'alpha' is declared but its value is never read.
app/components/ui/Alert.tsx(37,6): error TS2375: Type '{ children: (string | number | bigint | true | ReactElement<any, string | JSXElementConstructor<any>> | Iterable<ReactNode> | Promise<...> | Element | undefined)[]; ... 4 more ...; sx: { ...; }; }' is not assignable to type 'AlertProps' with 'exactOptionalPropertyTypes: true'. Consider adding 'undefined' to the types of the target's properties.
  Types of property 'className' are incompatible.
    Type 'string | undefined' is not assignable to type 'string'.
      Type 'undefined' is not assignable to type 'string'.
app/components/ui/Button.tsx(72,6): error TS2769: No overload matches this call.
  Overload 1 of 3, '(props: { href: string; } & ButtonOwnProps & Omit<ButtonBaseOwnProps, "classes"> & CommonProps & Omit<Omit<DetailedHTMLProps<AnchorHTMLAttributes<HTMLAnchorElement>, HTMLAnchorElement>, "ref"> & { ...; }, "disabled" | ... 27 more ... | "variant">): Element', gave the following error.
    Type '{ children: ReactNode; startIcon: string | number | bigint | boolean | Iterable<ReactNode> | Promise<AwaitedReactNode> | Element | null | undefined; ... 309 more ...; sx: SxProps<...> | undefined; }' is not assignable to type '{ href: string; }'.
      Property 'href' is optional in type '{ children: ReactNode; startIcon: string | number | bigint | boolean | Iterable<ReactNode> | Promise<AwaitedReactNode> | Element | null | undefined; ... 309 more ...; sx: SxProps<...> | undefined; }' but required in type '{ href: string; }'.
  Overload 2 of 3, '(props: { component: ElementType<any, keyof IntrinsicElements>; } & ButtonOwnProps & Omit<ButtonBaseOwnProps, "classes"> & CommonProps & Omit<...>): Element | null', gave the following error.
    Type '{ children: ReactNode; startIcon: string | number | bigint | boolean | Iterable<ReactNode> | Promise<AwaitedReactNode> | Element | null | undefined; ... 309 more ...; sx: SxProps<...> | undefined; }' is not assignable to type '{ component: ElementType<any, keyof IntrinsicElements>; }'.
      Property 'component' is optional in type '{ children: ReactNode; startIcon: string | number | bigint | boolean | Iterable<ReactNode> | Promise<AwaitedReactNode> | Element | null | undefined; ... 309 more ...; sx: SxProps<...> | undefined; }' but required in type '{ component: ElementType<any, keyof IntrinsicElements>; }'.
  Overload 3 of 3, '(props: DefaultComponentProps<ExtendButtonBaseTypeMap<ButtonTypeMap<{}, "button">>>): Element | null', gave the following error.
    Type '{ children: ReactNode; startIcon: string | number | bigint | boolean | Iterable<ReactNode> | Promise<AwaitedReactNode> | Element | null | undefined; ... 309 more ...; sx: SxProps<...> | undefined; }' is not assignable to type 'ButtonOwnProps' with 'exactOptionalPropertyTypes: true'. Consider adding 'undefined' to the types of the target's properties.
      Types of property 'sx' are incompatible.
        Type 'SxProps<Theme> | undefined' is not assignable to type 'SxProps<Theme>'.
          Type 'undefined' is not assignable to type 'SxProps<Theme>'.
app/components/ui/Card.tsx(5,10): error TS6133: 'alpha' is declared but its value is never read.
app/components/ui/Card.tsx(19,3): error TS6133: 'className' is declared but its value is never read.
app/components/ui/Table.tsx(3,1): error TS6192: All imports in import declaration are unused.
app/components/ui/Table.tsx(59,24): error TS6133: 'event' is declared but its value is never read.
app/components/ui/Table.tsx(65,6): error TS2769: No overload matches this call.
  Overload 1 of 2, '(props: { component: ElementType<any, keyof IntrinsicElements>; } & TableRowOwnProps & CommonProps & Omit<any, "className" | ... 5 more ... | "hover">): Element | null', gave the following error.
    Property 'component' is missing in type '{ children: ReactNode; hover: boolean; onClick: ((event: MouseEvent<unknown, MouseEvent>) => void) | undefined; selected: boolean | undefined; sx: { cursor: "default" | "pointer"; '&.Mui-selected': { ...; }; }; }' but required in type '{ component: ElementType<any, keyof IntrinsicElements>; }'.
  Overload 2 of 2, '(props: DefaultComponentProps<TableRowTypeMap<{}, "tr">>): Element | null', gave the following error.
    Type '{ children: ReactNode; hover: boolean; onClick: ((event: MouseEvent<unknown, MouseEvent>) => void) | undefined; selected: boolean | undefined; sx: { cursor: "default" | "pointer"; '&.Mui-selected': { ...; }; }; }' is not assignable to type 'TableRowOwnProps' with 'exactOptionalPropertyTypes: true'. Consider adding 'undefined' to the types of the target's properties.
      Types of property 'selected' are incompatible.
        Type 'boolean | undefined' is not assignable to type 'boolean'.
          Type 'undefined' is not assignable to type 'boolean'.
app/components/ui/TableSort.tsx(26,30): error TS6133: 'property' is declared but its value is never read.
app/components/ui/TableSort.tsx(26,49): error TS6133: 'event' is declared but its value is never read.
app/components/ui/TableSort.tsx(36,8): error TS2375: Type '{ children: ReactNode; variant: "head"; sx: { fontWeight: number; color: "text.secondary"; }; className: string | undefined; }' is not assignable to type 'TableCellProps' with 'exactOptionalPropertyTypes: true'. Consider adding 'undefined' to the types of the target's properties.
  Types of property 'className' are incompatible.
    Type 'string | undefined' is not assignable to type 'string'.
      Type 'undefined' is not assignable to type 'string'.
app/components/ui/TableSort.tsx(43,6): error TS2375: Type '{ children: Element; variant: "head"; sortDirection: false | "desc" | "asc"; sx: { fontWeight: number; color: "text.secondary"; }; className: string | undefined; }' is not assignable to type 'TableCellProps' with 'exactOptionalPropertyTypes: true'. Consider adding 'undefined' to the types of the target's properties.
  Types of property 'className' are incompatible.
    Type 'string | undefined' is not assignable to type 'string'.
      Type 'undefined' is not assignable to type 'string'.
app/components/ui/TableSort.tsx(56,33): error TS2769: No overload matches this call.
  Overload 1 of 2, '(props: { component: "span"; } & BoxOwnProps<Theme> & Omit<Omit<DetailedHTMLProps<HTMLAttributes<HTMLSpanElement>, HTMLSpanElement>, "ref"> & { ...; }, keyof BoxOwnProps<...>>): Element | null', gave the following error.
    Type 'CSSProperties' is not assignable to type 'SxProps<Theme>'.
      Type 'Properties<string | number, string & {}>' is not assignable to type 'CSSSelectorObjectOrCssVariables<Theme>'.
        Index signature for type 'string' is missing in type 'Properties<string | number, string & {}>'.
  Overload 2 of 2, '(props: DefaultComponentProps<BoxTypeMap<{}, "div", Theme>>): Element | null', gave the following error.
    Type 'CSSProperties' is not assignable to type 'SxProps<Theme>'.
      Type 'Properties<string | number, string & {}>' is not assignable to type 'CSSSelectorObjectOrCssVariables<Theme>'.
        Index signature for type 'string' is missing in type 'Properties<string | number, string & {}>'.
app/components/ui/Tabs.tsx(7,1): error TS6133: 'styled' is declared but its value is never read.
app/components/ui/Tabs.tsx(97,6): error TS2769: No overload matches this call.
  Overload 1 of 3, '(props: { href: string; } & TabOwnProps & Omit<ButtonBaseOwnProps, "classes"> & CommonProps & Omit<Omit<DetailedHTMLProps<AnchorHTMLAttributes<HTMLAnchorElement>, HTMLAnchorElement>, "ref"> & { ...; }, "disabled" | ... 21 more ... | "wrapped">): Element', gave the following error.
    Property 'href' is missing in type '{ label: ReactNode; value: string; className: string | undefined; sx: { textTransform: "none"; fontWeight: number; }; }' but required in type '{ href: string; }'.
  Overload 2 of 3, '(props: { component: ElementType<any, keyof IntrinsicElements>; } & TabOwnProps & Omit<ButtonBaseOwnProps, "classes"> & CommonProps & Omit<...>): Element | null', gave the following error.
    Property 'component' is missing in type '{ label: ReactNode; value: string; className: string | undefined; sx: { textTransform: "none"; fontWeight: number; }; }' but required in type '{ component: ElementType<any, keyof IntrinsicElements>; }'.
  Overload 3 of 3, '(props: DefaultComponentProps<ExtendButtonBaseTypeMap<TabTypeMap<{}, "div">>>): Element | null', gave the following error.
    Type '{ label: ReactNode; value: string; className: string | undefined; sx: { textTransform: "none"; fontWeight: number; }; }' is not assignable to type 'CommonProps' with 'exactOptionalPropertyTypes: true'. Consider adding 'undefined' to the types of the target's properties.
      Types of property 'className' are incompatible.
        Type 'string | undefined' is not assignable to type 'string'.
          Type 'undefined' is not assignable to type 'string'.
app/components/ui/Textarea.tsx(16,8): error TS2375: Type '{ disabled?: boolean; color?: OverridableStringUnion<"primary" | "secondary" | "error" | "success" | "info" | "warning", TextFieldPropsColorOverrides>; ... 307 more ...; className: string | undefined; }' is not assignable to type 'Omit<OutlinedTextFieldProps | FilledTextFieldProps | StandardTextFieldProps, "variant">' with 'exactOptionalPropertyTypes: true'. Consider adding 'undefined' to the types of the target's properties.
  Types of property 'className' are incompatible.
    Type 'string | undefined' is not assignable to type 'string'.
      Type 'undefined' is not assignable to type 'string'.
app/components/ui/ToggleSwitch.tsx(5,1): error TS6133: 'styled' is declared but its value is never read.
app/dashboard/page.tsx(235,10): error TS2769: No overload matches this call.
  Overload 1 of 2, '(props: { component: ElementType<any, keyof IntrinsicElements>; } & GridBaseProps & { sx?: SxProps<Theme>; } & SystemProps<Theme> & Omit<...>): Element | null', gave the following error.
    Property 'component' is missing in type '{ children: Element; item: true; xs: number; sm: number; lg: number; }' but required in type '{ component: ElementType<any, keyof IntrinsicElements>; }'.
  Overload 2 of 2, '(props: DefaultComponentProps<GridTypeMap<{}, "div">>): Element | null', gave the following error.
    Type '{ children: Element; item: true; xs: number; sm: number; lg: number; }' is not assignable to type 'IntrinsicAttributes & GridBaseProps & { sx?: SxProps<Theme>; } & SystemProps<Theme> & Omit<Omit<DetailedHTMLProps<HTMLAttributes<HTMLDivElement>, HTMLDivElement>, "ref"> & { ...; }, "sx" | ... 1 more ... | keyof GridBaseProps>'.
      Property 'item' does not exist on type 'IntrinsicAttributes & GridBaseProps & { sx?: SxProps<Theme>; } & SystemProps<Theme> & Omit<Omit<DetailedHTMLProps<HTMLAttributes<HTMLDivElement>, HTMLDivElement>, "ref"> & { ...; }, "sx" | ... 1 more ... | keyof GridBaseProps>'.
app/dashboard/page.tsx(243,10): error TS2769: No overload matches this call.
  Overload 1 of 2, '(props: { component: ElementType<any, keyof IntrinsicElements>; } & GridBaseProps & { sx?: SxProps<Theme>; } & SystemProps<Theme> & Omit<...>): Element | null', gave the following error.
    Property 'component' is missing in type '{ children: Element; item: true; xs: number; sm: number; lg: number; }' but required in type '{ component: ElementType<any, keyof IntrinsicElements>; }'.
  Overload 2 of 2, '(props: DefaultComponentProps<GridTypeMap<{}, "div">>): Element | null', gave the following error.
    Type '{ children: Element; item: true; xs: number; sm: number; lg: number; }' is not assignable to type 'IntrinsicAttributes & GridBaseProps & { sx?: SxProps<Theme>; } & SystemProps<Theme> & Omit<Omit<DetailedHTMLProps<HTMLAttributes<HTMLDivElement>, HTMLDivElement>, "ref"> & { ...; }, "sx" | ... 1 more ... | keyof GridBaseProps>'.
      Property 'item' does not exist on type 'IntrinsicAttributes & GridBaseProps & { sx?: SxProps<Theme>; } & SystemProps<Theme> & Omit<Omit<DetailedHTMLProps<HTMLAttributes<HTMLDivElement>, HTMLDivElement>, "ref"> & { ...; }, "sx" | ... 1 more ... | keyof GridBaseProps>'.
app/dashboard/page.tsx(251,10): error TS2769: No overload matches this call.
  Overload 1 of 2, '(props: { component: ElementType<any, keyof IntrinsicElements>; } & GridBaseProps & { sx?: SxProps<Theme>; } & SystemProps<Theme> & Omit<...>): Element | null', gave the following error.
    Property 'component' is missing in type '{ children: Element; item: true; xs: number; sm: number; lg: number; }' but required in type '{ component: ElementType<any, keyof IntrinsicElements>; }'.
  Overload 2 of 2, '(props: DefaultComponentProps<GridTypeMap<{}, "div">>): Element | null', gave the following error.
    Type '{ children: Element; item: true; xs: number; sm: number; lg: number; }' is not assignable to type 'IntrinsicAttributes & GridBaseProps & { sx?: SxProps<Theme>; } & SystemProps<Theme> & Omit<Omit<DetailedHTMLProps<HTMLAttributes<HTMLDivElement>, HTMLDivElement>, "ref"> & { ...; }, "sx" | ... 1 more ... | keyof GridBaseProps>'.
      Property 'item' does not exist on type 'IntrinsicAttributes & GridBaseProps & { sx?: SxProps<Theme>; } & SystemProps<Theme> & Omit<Omit<DetailedHTMLProps<HTMLAttributes<HTMLDivElement>, HTMLDivElement>, "ref"> & { ...; }, "sx" | ... 1 more ... | keyof GridBaseProps>'.
app/dashboard/page.tsx(263,10): error TS2769: No overload matches this call.
  Overload 1 of 2, '(props: { component: ElementType<any, keyof IntrinsicElements>; } & GridBaseProps & { sx?: SxProps<Theme>; } & SystemProps<Theme> & Omit<...>): Element | null', gave the following error.
    Property 'component' is missing in type '{ children: Element; item: true; xs: number; }' but required in type '{ component: ElementType<any, keyof IntrinsicElements>; }'.
  Overload 2 of 2, '(props: DefaultComponentProps<GridTypeMap<{}, "div">>): Element | null', gave the following error.
    Type '{ children: Element; item: true; xs: number; }' is not assignable to type 'IntrinsicAttributes & GridBaseProps & { sx?: SxProps<Theme>; } & SystemProps<Theme> & Omit<Omit<DetailedHTMLProps<HTMLAttributes<HTMLDivElement>, HTMLDivElement>, "ref"> & { ...; }, "sx" | ... 1 more ... | keyof GridBaseProps>'.
      Property 'item' does not exist on type 'IntrinsicAttributes & GridBaseProps & { sx?: SxProps<Theme>; } & SystemProps<Theme> & Omit<Omit<DetailedHTMLProps<HTMLAttributes<HTMLDivElement>, HTMLDivElement>, "ref"> & { ...; }, "sx" | ... 1 more ... | keyof GridBaseProps>'.
app/dashboard/page.tsx(302,10): error TS2769: No overload matches this call.
  Overload 1 of 2, '(props: { component: ElementType<any, keyof IntrinsicElements>; } & GridBaseProps & { sx?: SxProps<Theme>; } & SystemProps<Theme> & Omit<...>): Element | null', gave the following error.
    Property 'component' is missing in type '{ children: Element; item: true; xs: number; lg: number; }' but required in type '{ component: ElementType<any, keyof IntrinsicElements>; }'.
  Overload 2 of 2, '(props: DefaultComponentProps<GridTypeMap<{}, "div">>): Element | null', gave the following error.
    Type '{ children: Element; item: true; xs: number; lg: number; }' is not assignable to type 'IntrinsicAttributes & GridBaseProps & { sx?: SxProps<Theme>; } & SystemProps<Theme> & Omit<Omit<DetailedHTMLProps<HTMLAttributes<HTMLDivElement>, HTMLDivElement>, "ref"> & { ...; }, "sx" | ... 1 more ... | keyof GridBaseProps>'.
      Property 'item' does not exist on type 'IntrinsicAttributes & GridBaseProps & { sx?: SxProps<Theme>; } & SystemProps<Theme> & Omit<Omit<DetailedHTMLProps<HTMLAttributes<HTMLDivElement>, HTMLDivElement>, "ref"> & { ...; }, "sx" | ... 1 more ... | keyof GridBaseProps>'.
app/dashboard/page.tsx(331,10): error TS2769: No overload matches this call.
  Overload 1 of 2, '(props: { component: ElementType<any, keyof IntrinsicElements>; } & GridBaseProps & { sx?: SxProps<Theme>; } & SystemProps<Theme> & Omit<...>): Element | null', gave the following error.
    Property 'component' is missing in type '{ children: Element; item: true; xs: number; lg: number; }' but required in type '{ component: ElementType<any, keyof IntrinsicElements>; }'.
  Overload 2 of 2, '(props: DefaultComponentProps<GridTypeMap<{}, "div">>): Element | null', gave the following error.
    Type '{ children: Element; item: true; xs: number; lg: number; }' is not assignable to type 'IntrinsicAttributes & GridBaseProps & { sx?: SxProps<Theme>; } & SystemProps<Theme> & Omit<Omit<DetailedHTMLProps<HTMLAttributes<HTMLDivElement>, HTMLDivElement>, "ref"> & { ...; }, "sx" | ... 1 more ... | keyof GridBaseProps>'.
      Property 'item' does not exist on type 'IntrinsicAttributes & GridBaseProps & { sx?: SxProps<Theme>; } & SystemProps<Theme> & Omit<Omit<DetailedHTMLProps<HTMLAttributes<HTMLDivElement>, HTMLDivElement>, "ref"> & { ...; }, "sx" | ... 1 more ... | keyof GridBaseProps>'.
